<?xml version="1.0" encoding="UTF-8"?>
<!-- Generated by org.testng.reporters.JUnitXMLReporter -->
<testsuite ignored="0" hostname="IBM-PF3DEZ5G" failures="0" tests="1" name="Funtional Testing" time="0.209" errors="0" timestamp="2022-04-25T11:32:40 SGT">
  <testcase classname="com.qa.testscripts.TestBase" name="@BeforeClass setUp" time="0.013">
    <failure type="java.io.FileNotFoundException" message="D:\Selenium Training\HyDigit - Batch 2 - Fy&amp;apos;23\IBM.EMSDEMO.TestAutomation\src\test\java\com\qa\testdata\credentials.properties (The system cannot find the path specified)">
      <![CDATA[java.io.FileNotFoundException: D:\Selenium Training\HyDigit - Batch 2 - Fy'23\IBM.EMSDEMO.TestAutomation\src\test\java\com\qa\testdata\credentials.properties (The system cannot find the path specified)
at java.base/java.io.FileInputStream.open0(Native Method)
at java.base/java.io.FileInputStream.open(FileInputStream.java:219)
at java.base/java.io.FileInputStream.<init>(FileInputStream.java:157)
at java.base/java.io.FileInputStream.<init>(FileInputStream.java:112)
at com.qa.testscripts.TestBase.setUp(TestBase.java:47)
at java.base/java.util.ArrayList.forEach(ArrayList.java:1541)
... Removed 25 stack frames]]>
    </failure>
  </testcase> <!-- @BeforeClass setUp -->
  <testcase classname="com.qa.testscripts.Login" name="@BeforeMethod LoginAction" time="-1.650857560269E9">
    <skipped/>
  </testcase> <!-- @BeforeMethod LoginAction -->
  <testcase classname="com.qa.testscripts.TestBase" name="@AfterClass tearDown" time="-1.650857560297E9">
    <skipped/>
  </testcase> <!-- @AfterClass tearDown -->
  <testcase classname="com.qa.testscripts.TC_001" name="AddEmp" time="0.0">
    <skipped/>
  </testcase> <!-- AddEmp -->
</testsuite> <!-- Funtional Testing -->
